[debug] [2021-07-13T23:49:37.267Z] ----------------------------------------------------------------------
[debug] [2021-07-13T23:49:37.269Z] Command:       C:\Program Files\nodejs\node.exe C:\Users\aziza\AppData\Roaming\npm\node_modules\firebase-tools\lib\bin\firebase.js deploy
[debug] [2021-07-13T23:49:37.270Z] CLI Version:   9.16.0
[debug] [2021-07-13T23:49:37.270Z] Platform:      win32
[debug] [2021-07-13T23:49:37.270Z] Node Version:  v16.1.0
[debug] [2021-07-13T23:49:37.272Z] Time:          Tue Jul 13 2021 19:49:37 GMT-0400 (Eastern Daylight Time)
[debug] [2021-07-13T23:49:37.272Z] ----------------------------------------------------------------------
[debug] 
[debug] [2021-07-13T23:49:37.354Z] > command requires scopes: ["email","openid","https://www.googleapis.com/auth/cloudplatformprojects.readonly","https://www.googleapis.com/auth/firebase","https://www.googleapis.com/auth/cloud-platform"]
[debug] [2021-07-13T23:49:37.355Z] > authorizing via signed-in user (aalshohati@gmail.com)
[debug] [2021-07-13T23:49:37.355Z] [iam] checking project portfolio-68dca for permissions ["cloudfunctions.functions.create","cloudfunctions.functions.delete","cloudfunctions.functions.get","cloudfunctions.functions.list","cloudfunctions.functions.update","cloudfunctions.operations.get","datastore.indexes.create","datastore.indexes.delete","datastore.indexes.list","datastore.indexes.update","firebase.projects.get","firebasehosting.sites.update"]
[debug] [2021-07-13T23:49:37.364Z] > refreshing access token with scopes: ["email","https://www.googleapis.com/auth/cloud-platform","https://www.googleapis.com/auth/cloudplatformprojects.readonly","https://www.googleapis.com/auth/firebase","openid"]
[debug] [2021-07-13T23:49:37.365Z] >>> HTTP REQUEST POST https://www.googleapis.com/oauth2/v3/token  
 <request body omitted>
[debug] [2021-07-13T23:49:37.533Z] <<< HTTP RESPONSE 200 {"date":"Tue, 13 Jul 2021 23:49:39 GMT","pragma":"no-cache","cache-control":"no-cache, no-store, max-age=0, must-revalidate","expires":"Mon, 01 Jan 1990 00:00:00 GMT","content-type":"application/json; charset=utf-8","vary":"X-Origin, Referer, Origin,Accept-Encoding","server":"scaffolding on HTTPServer2","x-xss-protection":"0","x-frame-options":"SAMEORIGIN","x-content-type-options":"nosniff","alt-svc":"h3=\":443\"; ma=2592000,h3-29=\":443\"; ma=2592000,h3-T051=\":443\"; ma=2592000,h3-Q050=\":443\"; ma=2592000,h3-Q046=\":443\"; ma=2592000,h3-Q043=\":443\"; ma=2592000,quic=\":443\"; ma=2592000; v=\"46,43\"","accept-ranges":"none","transfer-encoding":"chunked"}
[debug] [2021-07-13T23:49:37.543Z] >>> HTTP REQUEST POST https://cloudresourcemanager.googleapis.com/v1/projects/portfolio-68dca:testIamPermissions  
 {"permissions":["cloudfunctions.functions.create","cloudfunctions.functions.delete","cloudfunctions.functions.get","cloudfunctions.functions.list","cloudfunctions.functions.update","cloudfunctions.operations.get","datastore.indexes.create","datastore.indexes.delete","datastore.indexes.list","datastore.indexes.update","firebase.projects.get","firebasehosting.sites.update"]}
[debug] [2021-07-13T23:49:37.692Z] <<< HTTP RESPONSE 200 {"content-type":"application/json; charset=UTF-8","vary":"X-Origin, Referer, Origin,Accept-Encoding","date":"Tue, 13 Jul 2021 23:49:39 GMT","server":"ESF","cache-control":"private","x-xss-protection":"0","x-frame-options":"SAMEORIGIN","x-content-type-options":"nosniff","server-timing":"gfet4t7; dur=44","alt-svc":"h3=\":443\"; ma=2592000,h3-29=\":443\"; ma=2592000,h3-T051=\":443\"; ma=2592000,h3-Q050=\":443\"; ma=2592000,h3-Q046=\":443\"; ma=2592000,h3-Q043=\":443\"; ma=2592000,quic=\":443\"; ma=2592000; v=\"46,43\"","accept-ranges":"none","transfer-encoding":"chunked"}
[debug] [2021-07-13T23:49:37.693Z] >>> HTTP REQUEST POST https://iam.googleapis.com/v1/projects/portfolio-68dca/serviceAccounts/portfolio-68dca@appspot.gserviceaccount.com:testIamPermissions  
 {"permissions":["iam.serviceAccounts.actAs"]}
[debug] [2021-07-13T23:49:37.818Z] <<< HTTP RESPONSE 404 {"vary":"X-Origin, Referer, Origin,Accept-Encoding","content-type":"application/json; charset=UTF-8","date":"Tue, 13 Jul 2021 23:49:39 GMT","server":"ESF","cache-control":"private","x-xss-protection":"0","x-frame-options":"SAMEORIGIN","x-content-type-options":"nosniff","alt-svc":"h3=\":443\"; ma=2592000,h3-29=\":443\"; ma=2592000,h3-T051=\":443\"; ma=2592000,h3-Q050=\":443\"; ma=2592000,h3-Q046=\":443\"; ma=2592000,h3-Q043=\":443\"; ma=2592000,quic=\":443\"; ma=2592000; v=\"46,43\"","accept-ranges":"none","transfer-encoding":"chunked"}
[debug] [2021-07-13T23:49:37.818Z] <<< HTTP RESPONSE BODY {"error":{"code":404,"message":"Not found; Gaia id not found for email portfolio-68dca@appspot.gserviceaccount.com","status":"NOT_FOUND"}}
[debug] [2021-07-13T23:49:37.819Z] [functions] service account IAM check errored, deploy may fail: HTTP Error: 404, Not found; Gaia id not found for email portfolio-68dca@appspot.gserviceaccount.com {"name":"FirebaseError","children":[],"context":{"body":{"error":{"code":404,"message":"Not found; Gaia id not found for email portfolio-68dca@appspot.gserviceaccount.com","status":"NOT_FOUND"}},"response":{"statusCode":404,"body":{"error":{"code":404,"message":"Not found; Gaia id not found for email portfolio-68dca@appspot.gserviceaccount.com","status":"NOT_FOUND"}},"headers":{"vary":"X-Origin, Referer, Origin,Accept-Encoding","content-type":"application/json; charset=UTF-8","date":"Tue, 13 Jul 2021 23:49:39 GMT","server":"ESF","cache-control":"private","x-xss-protection":"0","x-frame-options":"SAMEORIGIN","x-content-type-options":"nosniff","alt-svc":"h3=\":443\"; ma=2592000,h3-29=\":443\"; ma=2592000,h3-T051=\":443\"; ma=2592000,h3-Q050=\":443\"; ma=2592000,h3-Q046=\":443\"; ma=2592000,h3-Q043=\":443\"; ma=2592000,quic=\":443\"; ma=2592000; v=\"46,43\"","accept-ranges":"none","transfer-encoding":"chunked"},"request":{"uri":{"protocol":"https:","slashes":true,"auth":null,"host":"iam.googleapis.com","port":443,"hostname":"iam.googleapis.com","hash":null,"search":null,"query":null,"pathname":"/v1/projects/portfolio-68dca/serviceAccounts/portfolio-68dca@appspot.gserviceaccount.com:testIamPermissions","path":"/v1/projects/portfolio-68dca/serviceAccounts/portfolio-68dca@appspot.gserviceaccount.com:testIamPermissions","href":"https://iam.googleapis.com/v1/projects/portfolio-68dca/serviceAccounts/portfolio-68dca@appspot.gserviceaccount.com:testIamPermissions"},"method":"POST"}}},"exit":1,"message":"HTTP Error: 404, Not found; Gaia id not found for email portfolio-68dca@appspot.gserviceaccount.com","status":404}
[debug] [2021-07-13T23:49:37.826Z] > refreshing access token with scopes: []
[debug] [2021-07-13T23:49:37.826Z] >>> HTTP REQUEST POST https://www.googleapis.com/oauth2/v3/token  
 <request body omitted>
[debug] [2021-07-13T23:49:37.917Z] <<< HTTP RESPONSE 200 {"expires":"Mon, 01 Jan 1990 00:00:00 GMT","cache-control":"no-cache, no-store, max-age=0, must-revalidate","pragma":"no-cache","date":"Tue, 13 Jul 2021 23:49:40 GMT","content-type":"application/json; charset=utf-8","vary":"X-Origin, Referer, Origin,Accept-Encoding","server":"scaffolding on HTTPServer2","x-xss-protection":"0","x-frame-options":"SAMEORIGIN","x-content-type-options":"nosniff","alt-svc":"h3=\":443\"; ma=2592000,h3-29=\":443\"; ma=2592000,h3-T051=\":443\"; ma=2592000,h3-Q050=\":443\"; ma=2592000,h3-Q046=\":443\"; ma=2592000,h3-Q043=\":443\"; ma=2592000,quic=\":443\"; ma=2592000; v=\"46,43\"","accept-ranges":"none","transfer-encoding":"chunked"}
[debug] [2021-07-13T23:49:37.936Z] >>> [apiv2][query] GET https://firebase.googleapis.com/v1beta1/projects/portfolio-68dca [none]
[debug] [2021-07-13T23:49:38.153Z] <<< [apiv2][status] GET https://firebase.googleapis.com/v1beta1/projects/portfolio-68dca 200
[debug] [2021-07-13T23:49:38.153Z] <<< [apiv2][body] GET https://firebase.googleapis.com/v1beta1/projects/portfolio-68dca {"projectId":"portfolio-68dca","projectNumber":"656421276596","displayName":"Portfolio","name":"projects/portfolio-68dca","resources":{"hostingSite":"portfolio-68dca"},"state":"ACTIVE"}
[info] 
[info] === Deploying to 'portfolio-68dca'...
[info] 
[info] i  deploying firestore, functions, hosting 
[debug] [2021-07-13T23:49:38.158Z] TypeError [ERR_INVALID_ARG_TYPE]: The "path" argument must be of type string. Received undefined
    at new NodeError (node:internal/errors:363:5)
    at validateString (node:internal/validators:119:11)
    at Object.join (node:path:429:7)
    at Config.path (C:\Users\aziza\AppData\Roaming\npm\node_modules\firebase-tools\lib\config.js:115:45)
    at getChildEnvironment (C:\Users\aziza\AppData\Roaming\npm\node_modules\firebase-tools\lib\deploy\lifecycleHooks.js:50:49)
    at runTargetCommands (C:\Users\aziza\AppData\Roaming\npm\node_modules\firebase-tools\lib\deploy\lifecycleHooks.js:71:14)
    at C:\Users\aziza\AppData\Roaming\npm\node_modules\firebase-tools\lib\deploy\lifecycleHooks.js:122:24
    at processTicksAndRejections (node:internal/process/task_queues:96:5)
[error] 
[error] Error: An unexpected error has occurred.
